DEBUG - 2025-12-08 01:58:52 --> Session: Class initialized using 'CodeIgniter\Session\Handlers\FileHandler' driver.
ERROR - 2025-12-08 01:58:57 --> Error connecting to the database: mysqli_sql_exception: No connection could be made because the target machine actively refused it in C:\Users\suluh\Documents\GitHub\cnf-compro\cnf\vendor\codeigniter4\framework\system\Database\MySQLi\Connection.php:201
Stack trace:
#0 C:\Users\suluh\Documents\GitHub\cnf-compro\cnf\vendor\codeigniter4\framework\system\Database\MySQLi\Connection.php(201): mysqli->real_connect('localhost', 'root', Object(SensitiveParameterValue), 'chakra_naga_fur...', 3306, '', 0)
#1 C:\Users\suluh\Documents\GitHub\cnf-compro\cnf\vendor\codeigniter4\framework\system\Database\BaseConnection.php(419): CodeIgniter\Database\MySQLi\Connection->connect(false)
#2 C:\Users\suluh\Documents\GitHub\cnf-compro\cnf\vendor\codeigniter4\framework\system\Database\BaseConnection.php(614): CodeIgniter\Database\BaseConnection->initialize()
#3 C:\Users\suluh\Documents\GitHub\cnf-compro\cnf\vendor\codeigniter4\framework\system\Database\BaseBuilder.php(1649): CodeIgniter\Database\BaseConnection->query('SELECT *\nFROM `...', Array, false)
#4 C:\Users\suluh\Documents\GitHub\cnf-compro\cnf\vendor\codeigniter4\framework\system\Model.php(330): CodeIgniter\Database\BaseBuilder->get()
#5 C:\Users\suluh\Documents\GitHub\cnf-compro\cnf\vendor\codeigniter4\framework\system\BaseModel.php(715): CodeIgniter\Model->doFirst()
#6 C:\Users\suluh\Documents\GitHub\cnf-compro\cnf\app\Models\LanguageModel.php(26): CodeIgniter\BaseModel->first()
#7 C:\Users\suluh\Documents\GitHub\cnf-compro\cnf\app\Models\TranslationModel.php(25): App\Models\LanguageModel->getLanguageIdByCode('en')
#8 C:\Users\suluh\Documents\GitHub\cnf-compro\cnf\app\Controllers\Home.php(66): App\Models\TranslationModel->getAllTranslations('en')
#9 C:\Users\suluh\Documents\GitHub\cnf-compro\cnf\app\Controllers\Home.php(60): App\Controllers\Home->loadDataFromDatabase()
#10 C:\Users\suluh\Documents\GitHub\cnf-compro\cnf\vendor\codeigniter4\framework\system\CodeIgniter.php(903): App\Controllers\Home->__construct()
#11 C:\Users\suluh\Documents\GitHub\cnf-compro\cnf\vendor\codeigniter4\framework\system\CodeIgniter.php(498): CodeIgniter\CodeIgniter->createController()
#12 C:\Users\suluh\Documents\GitHub\cnf-compro\cnf\vendor\codeigniter4\framework\system\CodeIgniter.php(354): CodeIgniter\CodeIgniter->handleRequest(NULL, Object(Config\Cache), false)
#13 C:\Users\suluh\Documents\GitHub\cnf-compro\cnf\vendor\codeigniter4\framework\system\Boot.php(363): CodeIgniter\CodeIgniter->run()
#14 C:\Users\suluh\Documents\GitHub\cnf-compro\cnf\vendor\codeigniter4\framework\system\Boot.php(68): CodeIgniter\Boot::runCodeIgniter(Object(CodeIgniter\CodeIgniter))
#15 C:\Users\suluh\Documents\GitHub\cnf-compro\cnf\public\index.php(59): CodeIgniter\Boot::bootWeb(Object(Config\Paths))
#16 C:\Users\suluh\Documents\GitHub\cnf-compro\cnf\vendor\codeigniter4\framework\system\rewrite.php(44): require_once('C:\\Users\\suluh\\...')
#17 {main}

Next CodeIgniter\Database\Exceptions\DatabaseException: No connection could be made because the target machine actively refused it in C:\Users\suluh\Documents\GitHub\cnf-compro\cnf\vendor\codeigniter4\framework\system\Database\MySQLi\Connection.php:246
Stack trace:
#0 C:\Users\suluh\Documents\GitHub\cnf-compro\cnf\vendor\codeigniter4\framework\system\Database\BaseConnection.php(419): CodeIgniter\Database\MySQLi\Connection->connect(false)
#1 C:\Users\suluh\Documents\GitHub\cnf-compro\cnf\vendor\codeigniter4\framework\system\Database\BaseConnection.php(614): CodeIgniter\Database\BaseConnection->initialize()
#2 C:\Users\suluh\Documents\GitHub\cnf-compro\cnf\vendor\codeigniter4\framework\system\Database\BaseBuilder.php(1649): CodeIgniter\Database\BaseConnection->query('SELECT *\nFROM `...', Array, false)
#3 C:\Users\suluh\Documents\GitHub\cnf-compro\cnf\vendor\codeigniter4\framework\system\Model.php(330): CodeIgniter\Database\BaseBuilder->get()
#4 C:\Users\suluh\Documents\GitHub\cnf-compro\cnf\vendor\codeigniter4\framework\system\BaseModel.php(715): CodeIgniter\Model->doFirst()
#5 C:\Users\suluh\Documents\GitHub\cnf-compro\cnf\app\Models\LanguageModel.php(26): CodeIgniter\BaseModel->first()
#6 C:\Users\suluh\Documents\GitHub\cnf-compro\cnf\app\Models\TranslationModel.php(25): App\Models\LanguageModel->getLanguageIdByCode('en')
#7 C:\Users\suluh\Documents\GitHub\cnf-compro\cnf\app\Controllers\Home.php(66): App\Models\TranslationModel->getAllTranslations('en')
#8 C:\Users\suluh\Documents\GitHub\cnf-compro\cnf\app\Controllers\Home.php(60): App\Controllers\Home->loadDataFromDatabase()
#9 C:\Users\suluh\Documents\GitHub\cnf-compro\cnf\vendor\codeigniter4\framework\system\CodeIgniter.php(903): App\Controllers\Home->__construct()
#10 C:\Users\suluh\Documents\GitHub\cnf-compro\cnf\vendor\codeigniter4\framework\system\CodeIgniter.php(498): CodeIgniter\CodeIgniter->createController()
#11 C:\Users\suluh\Documents\GitHub\cnf-compro\cnf\vendor\codeigniter4\framework\system\CodeIgniter.php(354): CodeIgniter\CodeIgniter->handleRequest(NULL, Object(Config\Cache), false)
#12 C:\Users\suluh\Documents\GitHub\cnf-compro\cnf\vendor\codeigniter4\framework\system\Boot.php(363): CodeIgniter\CodeIgniter->run()
#13 C:\Users\suluh\Documents\GitHub\cnf-compro\cnf\vendor\codeigniter4\framework\system\Boot.php(68): CodeIgniter\Boot::runCodeIgniter(Object(CodeIgniter\CodeIgniter))
#14 C:\Users\suluh\Documents\GitHub\cnf-compro\cnf\public\index.php(59): CodeIgniter\Boot::bootWeb(Object(Config\Paths))
#15 C:\Users\suluh\Documents\GitHub\cnf-compro\cnf\vendor\codeigniter4\framework\system\rewrite.php(44): require_once('C:\\Users\\suluh\\...')
#16 {main}
CRITICAL - 2025-12-08 01:58:57 --> CodeIgniter\Database\Exceptions\DatabaseException: Unable to connect to the database.
Main connection [MySQLi]: No connection could be made because the target machine actively refused it
[Method: GET, Route: /]
in SYSTEMPATH\Database\BaseConnection.php on line 465.
 1 SYSTEMPATH\Database\BaseConnection.php(614): CodeIgniter\Database\BaseConnection->initialize()
 2 SYSTEMPATH\Database\BaseBuilder.php(1649): CodeIgniter\Database\BaseConnection->query('SELECT *
FROM `languages`
WHERE `code` = :code:
 LIMIT 1', [...], false)
 3 SYSTEMPATH\Model.php(330): CodeIgniter\Database\BaseBuilder->get()
 4 SYSTEMPATH\BaseModel.php(715): CodeIgniter\Model->doFirst()
 5 APPPATH\Models\LanguageModel.php(26): CodeIgniter\BaseModel->first()
 6 APPPATH\Models\TranslationModel.php(25): App\Models\LanguageModel->getLanguageIdByCode('en')
 7 APPPATH\Controllers\Home.php(66): App\Models\TranslationModel->getAllTranslations('en')
 8 APPPATH\Controllers\Home.php(60): App\Controllers\Home->loadDataFromDatabase()
 9 SYSTEMPATH\CodeIgniter.php(903): App\Controllers\Home->__construct()
10 SYSTEMPATH\CodeIgniter.php(498): CodeIgniter\CodeIgniter->createController()
11 SYSTEMPATH\CodeIgniter.php(354): CodeIgniter\CodeIgniter->handleRequest(null, Object(Config\Cache), false)
12 SYSTEMPATH\Boot.php(363): CodeIgniter\CodeIgniter->run()
13 SYSTEMPATH\Boot.php(68): CodeIgniter\Boot::runCodeIgniter(Object(CodeIgniter\CodeIgniter))
14 FCPATH\index.php(59): CodeIgniter\Boot::bootWeb(Object(Config\Paths))
15 SYSTEMPATH\rewrite.php(44): require_once('C:\\Users\\suluh\\Documents\\GitHub\\cnf-compro\\cnf\\public\\index.php')
DEBUG - 2025-12-08 02:08:27 --> Session: Class initialized using 'CodeIgniter\Session\Handlers\FileHandler' driver.
ERROR - 2025-12-08 02:08:31 --> Error connecting to the database: mysqli_sql_exception: No connection could be made because the target machine actively refused it in C:\Users\suluh\Documents\GitHub\cnf-compro\cnf\vendor\codeigniter4\framework\system\Database\MySQLi\Connection.php:201
Stack trace:
#0 C:\Users\suluh\Documents\GitHub\cnf-compro\cnf\vendor\codeigniter4\framework\system\Database\MySQLi\Connection.php(201): mysqli->real_connect('localhost', 'root', Object(SensitiveParameterValue), 'chakra_naga_fur...', 3306, '', 0)
#1 C:\Users\suluh\Documents\GitHub\cnf-compro\cnf\vendor\codeigniter4\framework\system\Database\BaseConnection.php(419): CodeIgniter\Database\MySQLi\Connection->connect(false)
#2 C:\Users\suluh\Documents\GitHub\cnf-compro\cnf\vendor\codeigniter4\framework\system\Database\BaseConnection.php(614): CodeIgniter\Database\BaseConnection->initialize()
#3 C:\Users\suluh\Documents\GitHub\cnf-compro\cnf\vendor\codeigniter4\framework\system\Database\BaseBuilder.php(1649): CodeIgniter\Database\BaseConnection->query('SELECT *\nFROM `...', Array, false)
#4 C:\Users\suluh\Documents\GitHub\cnf-compro\cnf\vendor\codeigniter4\framework\system\Model.php(330): CodeIgniter\Database\BaseBuilder->get()
#5 C:\Users\suluh\Documents\GitHub\cnf-compro\cnf\vendor\codeigniter4\framework\system\BaseModel.php(715): CodeIgniter\Model->doFirst()
#6 C:\Users\suluh\Documents\GitHub\cnf-compro\cnf\app\Models\LanguageModel.php(26): CodeIgniter\BaseModel->first()
#7 C:\Users\suluh\Documents\GitHub\cnf-compro\cnf\app\Models\TranslationModel.php(25): App\Models\LanguageModel->getLanguageIdByCode('en')
#8 C:\Users\suluh\Documents\GitHub\cnf-compro\cnf\app\Controllers\Home.php(66): App\Models\TranslationModel->getAllTranslations('en')
#9 C:\Users\suluh\Documents\GitHub\cnf-compro\cnf\app\Controllers\Home.php(60): App\Controllers\Home->loadDataFromDatabase()
#10 C:\Users\suluh\Documents\GitHub\cnf-compro\cnf\vendor\codeigniter4\framework\system\CodeIgniter.php(903): App\Controllers\Home->__construct()
#11 C:\Users\suluh\Documents\GitHub\cnf-compro\cnf\vendor\codeigniter4\framework\system\CodeIgniter.php(498): CodeIgniter\CodeIgniter->createController()
#12 C:\Users\suluh\Documents\GitHub\cnf-compro\cnf\vendor\codeigniter4\framework\system\CodeIgniter.php(354): CodeIgniter\CodeIgniter->handleRequest(NULL, Object(Config\Cache), false)
#13 C:\Users\suluh\Documents\GitHub\cnf-compro\cnf\vendor\codeigniter4\framework\system\Boot.php(363): CodeIgniter\CodeIgniter->run()
#14 C:\Users\suluh\Documents\GitHub\cnf-compro\cnf\vendor\codeigniter4\framework\system\Boot.php(68): CodeIgniter\Boot::runCodeIgniter(Object(CodeIgniter\CodeIgniter))
#15 C:\Users\suluh\Documents\GitHub\cnf-compro\cnf\public\index.php(59): CodeIgniter\Boot::bootWeb(Object(Config\Paths))
#16 C:\Users\suluh\Documents\GitHub\cnf-compro\cnf\vendor\codeigniter4\framework\system\rewrite.php(44): require_once('C:\\Users\\suluh\\...')
#17 {main}

Next CodeIgniter\Database\Exceptions\DatabaseException: No connection could be made because the target machine actively refused it in C:\Users\suluh\Documents\GitHub\cnf-compro\cnf\vendor\codeigniter4\framework\system\Database\MySQLi\Connection.php:246
Stack trace:
#0 C:\Users\suluh\Documents\GitHub\cnf-compro\cnf\vendor\codeigniter4\framework\system\Database\BaseConnection.php(419): CodeIgniter\Database\MySQLi\Connection->connect(false)
#1 C:\Users\suluh\Documents\GitHub\cnf-compro\cnf\vendor\codeigniter4\framework\system\Database\BaseConnection.php(614): CodeIgniter\Database\BaseConnection->initialize()
#2 C:\Users\suluh\Documents\GitHub\cnf-compro\cnf\vendor\codeigniter4\framework\system\Database\BaseBuilder.php(1649): CodeIgniter\Database\BaseConnection->query('SELECT *\nFROM `...', Array, false)
#3 C:\Users\suluh\Documents\GitHub\cnf-compro\cnf\vendor\codeigniter4\framework\system\Model.php(330): CodeIgniter\Database\BaseBuilder->get()
#4 C:\Users\suluh\Documents\GitHub\cnf-compro\cnf\vendor\codeigniter4\framework\system\BaseModel.php(715): CodeIgniter\Model->doFirst()
#5 C:\Users\suluh\Documents\GitHub\cnf-compro\cnf\app\Models\LanguageModel.php(26): CodeIgniter\BaseModel->first()
#6 C:\Users\suluh\Documents\GitHub\cnf-compro\cnf\app\Models\TranslationModel.php(25): App\Models\LanguageModel->getLanguageIdByCode('en')
#7 C:\Users\suluh\Documents\GitHub\cnf-compro\cnf\app\Controllers\Home.php(66): App\Models\TranslationModel->getAllTranslations('en')
#8 C:\Users\suluh\Documents\GitHub\cnf-compro\cnf\app\Controllers\Home.php(60): App\Controllers\Home->loadDataFromDatabase()
#9 C:\Users\suluh\Documents\GitHub\cnf-compro\cnf\vendor\codeigniter4\framework\system\CodeIgniter.php(903): App\Controllers\Home->__construct()
#10 C:\Users\suluh\Documents\GitHub\cnf-compro\cnf\vendor\codeigniter4\framework\system\CodeIgniter.php(498): CodeIgniter\CodeIgniter->createController()
#11 C:\Users\suluh\Documents\GitHub\cnf-compro\cnf\vendor\codeigniter4\framework\system\CodeIgniter.php(354): CodeIgniter\CodeIgniter->handleRequest(NULL, Object(Config\Cache), false)
#12 C:\Users\suluh\Documents\GitHub\cnf-compro\cnf\vendor\codeigniter4\framework\system\Boot.php(363): CodeIgniter\CodeIgniter->run()
#13 C:\Users\suluh\Documents\GitHub\cnf-compro\cnf\vendor\codeigniter4\framework\system\Boot.php(68): CodeIgniter\Boot::runCodeIgniter(Object(CodeIgniter\CodeIgniter))
#14 C:\Users\suluh\Documents\GitHub\cnf-compro\cnf\public\index.php(59): CodeIgniter\Boot::bootWeb(Object(Config\Paths))
#15 C:\Users\suluh\Documents\GitHub\cnf-compro\cnf\vendor\codeigniter4\framework\system\rewrite.php(44): require_once('C:\\Users\\suluh\\...')
#16 {main}
CRITICAL - 2025-12-08 02:08:31 --> CodeIgniter\Database\Exceptions\DatabaseException: Unable to connect to the database.
Main connection [MySQLi]: No connection could be made because the target machine actively refused it
[Method: GET, Route: /]
in SYSTEMPATH\Database\BaseConnection.php on line 465.
 1 SYSTEMPATH\Database\BaseConnection.php(614): CodeIgniter\Database\BaseConnection->initialize()
 2 SYSTEMPATH\Database\BaseBuilder.php(1649): CodeIgniter\Database\BaseConnection->query('SELECT *
FROM `languages`
WHERE `code` = :code:
 LIMIT 1', [...], false)
 3 SYSTEMPATH\Model.php(330): CodeIgniter\Database\BaseBuilder->get()
 4 SYSTEMPATH\BaseModel.php(715): CodeIgniter\Model->doFirst()
 5 APPPATH\Models\LanguageModel.php(26): CodeIgniter\BaseModel->first()
 6 APPPATH\Models\TranslationModel.php(25): App\Models\LanguageModel->getLanguageIdByCode('en')
 7 APPPATH\Controllers\Home.php(66): App\Models\TranslationModel->getAllTranslations('en')
 8 APPPATH\Controllers\Home.php(60): App\Controllers\Home->loadDataFromDatabase()
 9 SYSTEMPATH\CodeIgniter.php(903): App\Controllers\Home->__construct()
10 SYSTEMPATH\CodeIgniter.php(498): CodeIgniter\CodeIgniter->createController()
11 SYSTEMPATH\CodeIgniter.php(354): CodeIgniter\CodeIgniter->handleRequest(null, Object(Config\Cache), false)
12 SYSTEMPATH\Boot.php(363): CodeIgniter\CodeIgniter->run()
13 SYSTEMPATH\Boot.php(68): CodeIgniter\Boot::runCodeIgniter(Object(CodeIgniter\CodeIgniter))
14 FCPATH\index.php(59): CodeIgniter\Boot::bootWeb(Object(Config\Paths))
15 SYSTEMPATH\rewrite.php(44): require_once('C:\\Users\\suluh\\Documents\\GitHub\\cnf-compro\\cnf\\public\\index.php')
DEBUG - 2025-12-08 03:11:50 --> Session: Class initialized using 'CodeIgniter\Session\Handlers\FileHandler' driver.
ERROR - 2025-12-08 03:11:54 --> Error connecting to the database: mysqli_sql_exception: No connection could be made because the target machine actively refused it in C:\Users\suluh\Documents\GitHub\cnf-compro\cnf\vendor\codeigniter4\framework\system\Database\MySQLi\Connection.php:201
Stack trace:
#0 C:\Users\suluh\Documents\GitHub\cnf-compro\cnf\vendor\codeigniter4\framework\system\Database\MySQLi\Connection.php(201): mysqli->real_connect('localhost', 'root', Object(SensitiveParameterValue), 'chakra_naga_fur...', 3306, '', 0)
#1 C:\Users\suluh\Documents\GitHub\cnf-compro\cnf\vendor\codeigniter4\framework\system\Database\BaseConnection.php(419): CodeIgniter\Database\MySQLi\Connection->connect(false)
#2 C:\Users\suluh\Documents\GitHub\cnf-compro\cnf\vendor\codeigniter4\framework\system\Database\BaseConnection.php(614): CodeIgniter\Database\BaseConnection->initialize()
#3 C:\Users\suluh\Documents\GitHub\cnf-compro\cnf\vendor\codeigniter4\framework\system\Database\BaseBuilder.php(1649): CodeIgniter\Database\BaseConnection->query('SELECT *\nFROM `...', Array, false)
#4 C:\Users\suluh\Documents\GitHub\cnf-compro\cnf\vendor\codeigniter4\framework\system\Model.php(330): CodeIgniter\Database\BaseBuilder->get()
#5 C:\Users\suluh\Documents\GitHub\cnf-compro\cnf\vendor\codeigniter4\framework\system\BaseModel.php(715): CodeIgniter\Model->doFirst()
#6 C:\Users\suluh\Documents\GitHub\cnf-compro\cnf\app\Models\LanguageModel.php(26): CodeIgniter\BaseModel->first()
#7 C:\Users\suluh\Documents\GitHub\cnf-compro\cnf\app\Models\TranslationModel.php(25): App\Models\LanguageModel->getLanguageIdByCode('en')
#8 C:\Users\suluh\Documents\GitHub\cnf-compro\cnf\app\Controllers\Home.php(66): App\Models\TranslationModel->getAllTranslations('en')
#9 C:\Users\suluh\Documents\GitHub\cnf-compro\cnf\app\Controllers\Home.php(60): App\Controllers\Home->loadDataFromDatabase()
#10 C:\Users\suluh\Documents\GitHub\cnf-compro\cnf\vendor\codeigniter4\framework\system\CodeIgniter.php(903): App\Controllers\Home->__construct()
#11 C:\Users\suluh\Documents\GitHub\cnf-compro\cnf\vendor\codeigniter4\framework\system\CodeIgniter.php(498): CodeIgniter\CodeIgniter->createController()
#12 C:\Users\suluh\Documents\GitHub\cnf-compro\cnf\vendor\codeigniter4\framework\system\CodeIgniter.php(354): CodeIgniter\CodeIgniter->handleRequest(NULL, Object(Config\Cache), false)
#13 C:\Users\suluh\Documents\GitHub\cnf-compro\cnf\vendor\codeigniter4\framework\system\Boot.php(363): CodeIgniter\CodeIgniter->run()
#14 C:\Users\suluh\Documents\GitHub\cnf-compro\cnf\vendor\codeigniter4\framework\system\Boot.php(68): CodeIgniter\Boot::runCodeIgniter(Object(CodeIgniter\CodeIgniter))
#15 C:\Users\suluh\Documents\GitHub\cnf-compro\cnf\public\index.php(59): CodeIgniter\Boot::bootWeb(Object(Config\Paths))
#16 C:\Users\suluh\Documents\GitHub\cnf-compro\cnf\vendor\codeigniter4\framework\system\rewrite.php(44): require_once('C:\\Users\\suluh\\...')
#17 {main}

Next CodeIgniter\Database\Exceptions\DatabaseException: No connection could be made because the target machine actively refused it in C:\Users\suluh\Documents\GitHub\cnf-compro\cnf\vendor\codeigniter4\framework\system\Database\MySQLi\Connection.php:246
Stack trace:
#0 C:\Users\suluh\Documents\GitHub\cnf-compro\cnf\vendor\codeigniter4\framework\system\Database\BaseConnection.php(419): CodeIgniter\Database\MySQLi\Connection->connect(false)
#1 C:\Users\suluh\Documents\GitHub\cnf-compro\cnf\vendor\codeigniter4\framework\system\Database\BaseConnection.php(614): CodeIgniter\Database\BaseConnection->initialize()
#2 C:\Users\suluh\Documents\GitHub\cnf-compro\cnf\vendor\codeigniter4\framework\system\Database\BaseBuilder.php(1649): CodeIgniter\Database\BaseConnection->query('SELECT *\nFROM `...', Array, false)
#3 C:\Users\suluh\Documents\GitHub\cnf-compro\cnf\vendor\codeigniter4\framework\system\Model.php(330): CodeIgniter\Database\BaseBuilder->get()
#4 C:\Users\suluh\Documents\GitHub\cnf-compro\cnf\vendor\codeigniter4\framework\system\BaseModel.php(715): CodeIgniter\Model->doFirst()
#5 C:\Users\suluh\Documents\GitHub\cnf-compro\cnf\app\Models\LanguageModel.php(26): CodeIgniter\BaseModel->first()
#6 C:\Users\suluh\Documents\GitHub\cnf-compro\cnf\app\Models\TranslationModel.php(25): App\Models\LanguageModel->getLanguageIdByCode('en')
#7 C:\Users\suluh\Documents\GitHub\cnf-compro\cnf\app\Controllers\Home.php(66): App\Models\TranslationModel->getAllTranslations('en')
#8 C:\Users\suluh\Documents\GitHub\cnf-compro\cnf\app\Controllers\Home.php(60): App\Controllers\Home->loadDataFromDatabase()
#9 C:\Users\suluh\Documents\GitHub\cnf-compro\cnf\vendor\codeigniter4\framework\system\CodeIgniter.php(903): App\Controllers\Home->__construct()
#10 C:\Users\suluh\Documents\GitHub\cnf-compro\cnf\vendor\codeigniter4\framework\system\CodeIgniter.php(498): CodeIgniter\CodeIgniter->createController()
#11 C:\Users\suluh\Documents\GitHub\cnf-compro\cnf\vendor\codeigniter4\framework\system\CodeIgniter.php(354): CodeIgniter\CodeIgniter->handleRequest(NULL, Object(Config\Cache), false)
#12 C:\Users\suluh\Documents\GitHub\cnf-compro\cnf\vendor\codeigniter4\framework\system\Boot.php(363): CodeIgniter\CodeIgniter->run()
#13 C:\Users\suluh\Documents\GitHub\cnf-compro\cnf\vendor\codeigniter4\framework\system\Boot.php(68): CodeIgniter\Boot::runCodeIgniter(Object(CodeIgniter\CodeIgniter))
#14 C:\Users\suluh\Documents\GitHub\cnf-compro\cnf\public\index.php(59): CodeIgniter\Boot::bootWeb(Object(Config\Paths))
#15 C:\Users\suluh\Documents\GitHub\cnf-compro\cnf\vendor\codeigniter4\framework\system\rewrite.php(44): require_once('C:\\Users\\suluh\\...')
#16 {main}
CRITICAL - 2025-12-08 03:11:54 --> CodeIgniter\Database\Exceptions\DatabaseException: Unable to connect to the database.
Main connection [MySQLi]: No connection could be made because the target machine actively refused it
[Method: GET, Route: /]
in SYSTEMPATH\Database\BaseConnection.php on line 465.
 1 SYSTEMPATH\Database\BaseConnection.php(614): CodeIgniter\Database\BaseConnection->initialize()
 2 SYSTEMPATH\Database\BaseBuilder.php(1649): CodeIgniter\Database\BaseConnection->query('SELECT *
FROM `languages`
WHERE `code` = :code:
 LIMIT 1', [...], false)
 3 SYSTEMPATH\Model.php(330): CodeIgniter\Database\BaseBuilder->get()
 4 SYSTEMPATH\BaseModel.php(715): CodeIgniter\Model->doFirst()
 5 APPPATH\Models\LanguageModel.php(26): CodeIgniter\BaseModel->first()
 6 APPPATH\Models\TranslationModel.php(25): App\Models\LanguageModel->getLanguageIdByCode('en')
 7 APPPATH\Controllers\Home.php(66): App\Models\TranslationModel->getAllTranslations('en')
 8 APPPATH\Controllers\Home.php(60): App\Controllers\Home->loadDataFromDatabase()
 9 SYSTEMPATH\CodeIgniter.php(903): App\Controllers\Home->__construct()
10 SYSTEMPATH\CodeIgniter.php(498): CodeIgniter\CodeIgniter->createController()
11 SYSTEMPATH\CodeIgniter.php(354): CodeIgniter\CodeIgniter->handleRequest(null, Object(Config\Cache), false)
12 SYSTEMPATH\Boot.php(363): CodeIgniter\CodeIgniter->run()
13 SYSTEMPATH\Boot.php(68): CodeIgniter\Boot::runCodeIgniter(Object(CodeIgniter\CodeIgniter))
14 FCPATH\index.php(59): CodeIgniter\Boot::bootWeb(Object(Config\Paths))
15 SYSTEMPATH\rewrite.php(44): require_once('C:\\Users\\suluh\\Documents\\GitHub\\cnf-compro\\cnf\\public\\index.php')
DEBUG - 2025-12-08 04:35:58 --> Session: Class initialized using 'CodeIgniter\Session\Handlers\FileHandler' driver.
ERROR - 2025-12-08 04:36:02 --> Error connecting to the database: mysqli_sql_exception: No connection could be made because the target machine actively refused it in C:\Users\suluh\Documents\GitHub\cnf-compro\cnf\vendor\codeigniter4\framework\system\Database\MySQLi\Connection.php:201
Stack trace:
#0 C:\Users\suluh\Documents\GitHub\cnf-compro\cnf\vendor\codeigniter4\framework\system\Database\MySQLi\Connection.php(201): mysqli->real_connect('localhost', 'root', Object(SensitiveParameterValue), 'chakra_naga_fur...', 3306, '', 0)
#1 C:\Users\suluh\Documents\GitHub\cnf-compro\cnf\vendor\codeigniter4\framework\system\Database\BaseConnection.php(419): CodeIgniter\Database\MySQLi\Connection->connect(false)
#2 C:\Users\suluh\Documents\GitHub\cnf-compro\cnf\vendor\codeigniter4\framework\system\Database\BaseConnection.php(614): CodeIgniter\Database\BaseConnection->initialize()
#3 C:\Users\suluh\Documents\GitHub\cnf-compro\cnf\vendor\codeigniter4\framework\system\Database\BaseBuilder.php(1649): CodeIgniter\Database\BaseConnection->query('SELECT *\nFROM `...', Array, false)
#4 C:\Users\suluh\Documents\GitHub\cnf-compro\cnf\vendor\codeigniter4\framework\system\Model.php(330): CodeIgniter\Database\BaseBuilder->get()
#5 C:\Users\suluh\Documents\GitHub\cnf-compro\cnf\vendor\codeigniter4\framework\system\BaseModel.php(715): CodeIgniter\Model->doFirst()
#6 C:\Users\suluh\Documents\GitHub\cnf-compro\cnf\app\Models\LanguageModel.php(26): CodeIgniter\BaseModel->first()
#7 C:\Users\suluh\Documents\GitHub\cnf-compro\cnf\app\Models\TranslationModel.php(25): App\Models\LanguageModel->getLanguageIdByCode('en')
#8 C:\Users\suluh\Documents\GitHub\cnf-compro\cnf\app\Controllers\Home.php(66): App\Models\TranslationModel->getAllTranslations('en')
#9 C:\Users\suluh\Documents\GitHub\cnf-compro\cnf\app\Controllers\Home.php(60): App\Controllers\Home->loadDataFromDatabase()
#10 C:\Users\suluh\Documents\GitHub\cnf-compro\cnf\vendor\codeigniter4\framework\system\CodeIgniter.php(903): App\Controllers\Home->__construct()
#11 C:\Users\suluh\Documents\GitHub\cnf-compro\cnf\vendor\codeigniter4\framework\system\CodeIgniter.php(498): CodeIgniter\CodeIgniter->createController()
#12 C:\Users\suluh\Documents\GitHub\cnf-compro\cnf\vendor\codeigniter4\framework\system\CodeIgniter.php(354): CodeIgniter\CodeIgniter->handleRequest(NULL, Object(Config\Cache), false)
#13 C:\Users\suluh\Documents\GitHub\cnf-compro\cnf\vendor\codeigniter4\framework\system\Boot.php(363): CodeIgniter\CodeIgniter->run()
#14 C:\Users\suluh\Documents\GitHub\cnf-compro\cnf\vendor\codeigniter4\framework\system\Boot.php(68): CodeIgniter\Boot::runCodeIgniter(Object(CodeIgniter\CodeIgniter))
#15 C:\Users\suluh\Documents\GitHub\cnf-compro\cnf\public\index.php(59): CodeIgniter\Boot::bootWeb(Object(Config\Paths))
#16 C:\Users\suluh\Documents\GitHub\cnf-compro\cnf\vendor\codeigniter4\framework\system\rewrite.php(44): require_once('C:\\Users\\suluh\\...')
#17 {main}

Next CodeIgniter\Database\Exceptions\DatabaseException: No connection could be made because the target machine actively refused it in C:\Users\suluh\Documents\GitHub\cnf-compro\cnf\vendor\codeigniter4\framework\system\Database\MySQLi\Connection.php:246
Stack trace:
#0 C:\Users\suluh\Documents\GitHub\cnf-compro\cnf\vendor\codeigniter4\framework\system\Database\BaseConnection.php(419): CodeIgniter\Database\MySQLi\Connection->connect(false)
#1 C:\Users\suluh\Documents\GitHub\cnf-compro\cnf\vendor\codeigniter4\framework\system\Database\BaseConnection.php(614): CodeIgniter\Database\BaseConnection->initialize()
#2 C:\Users\suluh\Documents\GitHub\cnf-compro\cnf\vendor\codeigniter4\framework\system\Database\BaseBuilder.php(1649): CodeIgniter\Database\BaseConnection->query('SELECT *\nFROM `...', Array, false)
#3 C:\Users\suluh\Documents\GitHub\cnf-compro\cnf\vendor\codeigniter4\framework\system\Model.php(330): CodeIgniter\Database\BaseBuilder->get()
#4 C:\Users\suluh\Documents\GitHub\cnf-compro\cnf\vendor\codeigniter4\framework\system\BaseModel.php(715): CodeIgniter\Model->doFirst()
#5 C:\Users\suluh\Documents\GitHub\cnf-compro\cnf\app\Models\LanguageModel.php(26): CodeIgniter\BaseModel->first()
#6 C:\Users\suluh\Documents\GitHub\cnf-compro\cnf\app\Models\TranslationModel.php(25): App\Models\LanguageModel->getLanguageIdByCode('en')
#7 C:\Users\suluh\Documents\GitHub\cnf-compro\cnf\app\Controllers\Home.php(66): App\Models\TranslationModel->getAllTranslations('en')
#8 C:\Users\suluh\Documents\GitHub\cnf-compro\cnf\app\Controllers\Home.php(60): App\Controllers\Home->loadDataFromDatabase()
#9 C:\Users\suluh\Documents\GitHub\cnf-compro\cnf\vendor\codeigniter4\framework\system\CodeIgniter.php(903): App\Controllers\Home->__construct()
#10 C:\Users\suluh\Documents\GitHub\cnf-compro\cnf\vendor\codeigniter4\framework\system\CodeIgniter.php(498): CodeIgniter\CodeIgniter->createController()
#11 C:\Users\suluh\Documents\GitHub\cnf-compro\cnf\vendor\codeigniter4\framework\system\CodeIgniter.php(354): CodeIgniter\CodeIgniter->handleRequest(NULL, Object(Config\Cache), false)
#12 C:\Users\suluh\Documents\GitHub\cnf-compro\cnf\vendor\codeigniter4\framework\system\Boot.php(363): CodeIgniter\CodeIgniter->run()
#13 C:\Users\suluh\Documents\GitHub\cnf-compro\cnf\vendor\codeigniter4\framework\system\Boot.php(68): CodeIgniter\Boot::runCodeIgniter(Object(CodeIgniter\CodeIgniter))
#14 C:\Users\suluh\Documents\GitHub\cnf-compro\cnf\public\index.php(59): CodeIgniter\Boot::bootWeb(Object(Config\Paths))
#15 C:\Users\suluh\Documents\GitHub\cnf-compro\cnf\vendor\codeigniter4\framework\system\rewrite.php(44): require_once('C:\\Users\\suluh\\...')
#16 {main}
CRITICAL - 2025-12-08 04:36:02 --> CodeIgniter\Database\Exceptions\DatabaseException: Unable to connect to the database.
Main connection [MySQLi]: No connection could be made because the target machine actively refused it
[Method: GET, Route: /]
in SYSTEMPATH\Database\BaseConnection.php on line 465.
 1 SYSTEMPATH\Database\BaseConnection.php(614): CodeIgniter\Database\BaseConnection->initialize()
 2 SYSTEMPATH\Database\BaseBuilder.php(1649): CodeIgniter\Database\BaseConnection->query('SELECT *
FROM `languages`
WHERE `code` = :code:
 LIMIT 1', [...], false)
 3 SYSTEMPATH\Model.php(330): CodeIgniter\Database\BaseBuilder->get()
 4 SYSTEMPATH\BaseModel.php(715): CodeIgniter\Model->doFirst()
 5 APPPATH\Models\LanguageModel.php(26): CodeIgniter\BaseModel->first()
 6 APPPATH\Models\TranslationModel.php(25): App\Models\LanguageModel->getLanguageIdByCode('en')
 7 APPPATH\Controllers\Home.php(66): App\Models\TranslationModel->getAllTranslations('en')
 8 APPPATH\Controllers\Home.php(60): App\Controllers\Home->loadDataFromDatabase()
 9 SYSTEMPATH\CodeIgniter.php(903): App\Controllers\Home->__construct()
10 SYSTEMPATH\CodeIgniter.php(498): CodeIgniter\CodeIgniter->createController()
11 SYSTEMPATH\CodeIgniter.php(354): CodeIgniter\CodeIgniter->handleRequest(null, Object(Config\Cache), false)
12 SYSTEMPATH\Boot.php(363): CodeIgniter\CodeIgniter->run()
13 SYSTEMPATH\Boot.php(68): CodeIgniter\Boot::runCodeIgniter(Object(CodeIgniter\CodeIgniter))
14 FCPATH\index.php(59): CodeIgniter\Boot::bootWeb(Object(Config\Paths))
15 SYSTEMPATH\rewrite.php(44): require_once('C:\\Users\\suluh\\Documents\\GitHub\\cnf-compro\\cnf\\public\\index.php')
DEBUG - 2025-12-08 04:36:05 --> Session: Class initialized using 'CodeIgniter\Session\Handlers\FileHandler' driver.
ERROR - 2025-12-08 04:36:09 --> Error connecting to the database: mysqli_sql_exception: No connection could be made because the target machine actively refused it in C:\Users\suluh\Documents\GitHub\cnf-compro\cnf\vendor\codeigniter4\framework\system\Database\MySQLi\Connection.php:201
Stack trace:
#0 C:\Users\suluh\Documents\GitHub\cnf-compro\cnf\vendor\codeigniter4\framework\system\Database\MySQLi\Connection.php(201): mysqli->real_connect('localhost', 'root', Object(SensitiveParameterValue), 'chakra_naga_fur...', 3306, '', 0)
#1 C:\Users\suluh\Documents\GitHub\cnf-compro\cnf\vendor\codeigniter4\framework\system\Database\BaseConnection.php(419): CodeIgniter\Database\MySQLi\Connection->connect(false)
#2 C:\Users\suluh\Documents\GitHub\cnf-compro\cnf\vendor\codeigniter4\framework\system\Database\BaseConnection.php(614): CodeIgniter\Database\BaseConnection->initialize()
#3 C:\Users\suluh\Documents\GitHub\cnf-compro\cnf\vendor\codeigniter4\framework\system\Database\BaseBuilder.php(1649): CodeIgniter\Database\BaseConnection->query('SELECT *\nFROM `...', Array, false)
#4 C:\Users\suluh\Documents\GitHub\cnf-compro\cnf\vendor\codeigniter4\framework\system\Model.php(330): CodeIgniter\Database\BaseBuilder->get()
#5 C:\Users\suluh\Documents\GitHub\cnf-compro\cnf\vendor\codeigniter4\framework\system\BaseModel.php(715): CodeIgniter\Model->doFirst()
#6 C:\Users\suluh\Documents\GitHub\cnf-compro\cnf\app\Models\LanguageModel.php(26): CodeIgniter\BaseModel->first()
#7 C:\Users\suluh\Documents\GitHub\cnf-compro\cnf\app\Models\TranslationModel.php(25): App\Models\LanguageModel->getLanguageIdByCode('en')
#8 C:\Users\suluh\Documents\GitHub\cnf-compro\cnf\app\Controllers\Home.php(66): App\Models\TranslationModel->getAllTranslations('en')
#9 C:\Users\suluh\Documents\GitHub\cnf-compro\cnf\app\Controllers\Home.php(60): App\Controllers\Home->loadDataFromDatabase()
#10 C:\Users\suluh\Documents\GitHub\cnf-compro\cnf\vendor\codeigniter4\framework\system\CodeIgniter.php(903): App\Controllers\Home->__construct()
#11 C:\Users\suluh\Documents\GitHub\cnf-compro\cnf\vendor\codeigniter4\framework\system\CodeIgniter.php(498): CodeIgniter\CodeIgniter->createController()
#12 C:\Users\suluh\Documents\GitHub\cnf-compro\cnf\vendor\codeigniter4\framework\system\CodeIgniter.php(354): CodeIgniter\CodeIgniter->handleRequest(NULL, Object(Config\Cache), false)
#13 C:\Users\suluh\Documents\GitHub\cnf-compro\cnf\vendor\codeigniter4\framework\system\Boot.php(363): CodeIgniter\CodeIgniter->run()
#14 C:\Users\suluh\Documents\GitHub\cnf-compro\cnf\vendor\codeigniter4\framework\system\Boot.php(68): CodeIgniter\Boot::runCodeIgniter(Object(CodeIgniter\CodeIgniter))
#15 C:\Users\suluh\Documents\GitHub\cnf-compro\cnf\public\index.php(59): CodeIgniter\Boot::bootWeb(Object(Config\Paths))
#16 C:\Users\suluh\Documents\GitHub\cnf-compro\cnf\vendor\codeigniter4\framework\system\rewrite.php(44): require_once('C:\\Users\\suluh\\...')
#17 {main}

Next CodeIgniter\Database\Exceptions\DatabaseException: No connection could be made because the target machine actively refused it in C:\Users\suluh\Documents\GitHub\cnf-compro\cnf\vendor\codeigniter4\framework\system\Database\MySQLi\Connection.php:246
Stack trace:
#0 C:\Users\suluh\Documents\GitHub\cnf-compro\cnf\vendor\codeigniter4\framework\system\Database\BaseConnection.php(419): CodeIgniter\Database\MySQLi\Connection->connect(false)
#1 C:\Users\suluh\Documents\GitHub\cnf-compro\cnf\vendor\codeigniter4\framework\system\Database\BaseConnection.php(614): CodeIgniter\Database\BaseConnection->initialize()
#2 C:\Users\suluh\Documents\GitHub\cnf-compro\cnf\vendor\codeigniter4\framework\system\Database\BaseBuilder.php(1649): CodeIgniter\Database\BaseConnection->query('SELECT *\nFROM `...', Array, false)
#3 C:\Users\suluh\Documents\GitHub\cnf-compro\cnf\vendor\codeigniter4\framework\system\Model.php(330): CodeIgniter\Database\BaseBuilder->get()
#4 C:\Users\suluh\Documents\GitHub\cnf-compro\cnf\vendor\codeigniter4\framework\system\BaseModel.php(715): CodeIgniter\Model->doFirst()
#5 C:\Users\suluh\Documents\GitHub\cnf-compro\cnf\app\Models\LanguageModel.php(26): CodeIgniter\BaseModel->first()
#6 C:\Users\suluh\Documents\GitHub\cnf-compro\cnf\app\Models\TranslationModel.php(25): App\Models\LanguageModel->getLanguageIdByCode('en')
#7 C:\Users\suluh\Documents\GitHub\cnf-compro\cnf\app\Controllers\Home.php(66): App\Models\TranslationModel->getAllTranslations('en')
#8 C:\Users\suluh\Documents\GitHub\cnf-compro\cnf\app\Controllers\Home.php(60): App\Controllers\Home->loadDataFromDatabase()
#9 C:\Users\suluh\Documents\GitHub\cnf-compro\cnf\vendor\codeigniter4\framework\system\CodeIgniter.php(903): App\Controllers\Home->__construct()
#10 C:\Users\suluh\Documents\GitHub\cnf-compro\cnf\vendor\codeigniter4\framework\system\CodeIgniter.php(498): CodeIgniter\CodeIgniter->createController()
#11 C:\Users\suluh\Documents\GitHub\cnf-compro\cnf\vendor\codeigniter4\framework\system\CodeIgniter.php(354): CodeIgniter\CodeIgniter->handleRequest(NULL, Object(Config\Cache), false)
#12 C:\Users\suluh\Documents\GitHub\cnf-compro\cnf\vendor\codeigniter4\framework\system\Boot.php(363): CodeIgniter\CodeIgniter->run()
#13 C:\Users\suluh\Documents\GitHub\cnf-compro\cnf\vendor\codeigniter4\framework\system\Boot.php(68): CodeIgniter\Boot::runCodeIgniter(Object(CodeIgniter\CodeIgniter))
#14 C:\Users\suluh\Documents\GitHub\cnf-compro\cnf\public\index.php(59): CodeIgniter\Boot::bootWeb(Object(Config\Paths))
#15 C:\Users\suluh\Documents\GitHub\cnf-compro\cnf\vendor\codeigniter4\framework\system\rewrite.php(44): require_once('C:\\Users\\suluh\\...')
#16 {main}
CRITICAL - 2025-12-08 04:36:09 --> CodeIgniter\Database\Exceptions\DatabaseException: Unable to connect to the database.
Main connection [MySQLi]: No connection could be made because the target machine actively refused it
[Method: GET, Route: /]
in SYSTEMPATH\Database\BaseConnection.php on line 465.
 1 SYSTEMPATH\Database\BaseConnection.php(614): CodeIgniter\Database\BaseConnection->initialize()
 2 SYSTEMPATH\Database\BaseBuilder.php(1649): CodeIgniter\Database\BaseConnection->query('SELECT *
FROM `languages`
WHERE `code` = :code:
 LIMIT 1', [...], false)
 3 SYSTEMPATH\Model.php(330): CodeIgniter\Database\BaseBuilder->get()
 4 SYSTEMPATH\BaseModel.php(715): CodeIgniter\Model->doFirst()
 5 APPPATH\Models\LanguageModel.php(26): CodeIgniter\BaseModel->first()
 6 APPPATH\Models\TranslationModel.php(25): App\Models\LanguageModel->getLanguageIdByCode('en')
 7 APPPATH\Controllers\Home.php(66): App\Models\TranslationModel->getAllTranslations('en')
 8 APPPATH\Controllers\Home.php(60): App\Controllers\Home->loadDataFromDatabase()
 9 SYSTEMPATH\CodeIgniter.php(903): App\Controllers\Home->__construct()
10 SYSTEMPATH\CodeIgniter.php(498): CodeIgniter\CodeIgniter->createController()
11 SYSTEMPATH\CodeIgniter.php(354): CodeIgniter\CodeIgniter->handleRequest(null, Object(Config\Cache), false)
12 SYSTEMPATH\Boot.php(363): CodeIgniter\CodeIgniter->run()
13 SYSTEMPATH\Boot.php(68): CodeIgniter\Boot::runCodeIgniter(Object(CodeIgniter\CodeIgniter))
14 FCPATH\index.php(59): CodeIgniter\Boot::bootWeb(Object(Config\Paths))
15 SYSTEMPATH\rewrite.php(44): require_once('C:\\Users\\suluh\\Documents\\GitHub\\cnf-compro\\cnf\\public\\index.php')
DEBUG - 2025-12-08 05:58:54 --> Session: Class initialized using 'CodeIgniter\Session\Handlers\FileHandler' driver.
DEBUG - 2025-12-08 06:06:32 --> Session: Class initialized using 'CodeIgniter\Session\Handlers\FileHandler' driver.
DEBUG - 2025-12-08 06:06:52 --> Session: Class initialized using 'CodeIgniter\Session\Handlers\FileHandler' driver.
DEBUG - 2025-12-08 06:06:56 --> Session: Class initialized using 'CodeIgniter\Session\Handlers\FileHandler' driver.
DEBUG - 2025-12-08 06:06:57 --> Session: Class initialized using 'CodeIgniter\Session\Handlers\FileHandler' driver.
DEBUG - 2025-12-08 06:06:58 --> Session: Class initialized using 'CodeIgniter\Session\Handlers\FileHandler' driver.
DEBUG - 2025-12-08 06:06:58 --> Session: Class initialized using 'CodeIgniter\Session\Handlers\FileHandler' driver.
DEBUG - 2025-12-08 06:06:59 --> Session: Class initialized using 'CodeIgniter\Session\Handlers\FileHandler' driver.
